Determining if the pthread_create exist failed with the following output:
Change Dir: /home/kiki/comprobo15/build/CMakeFiles/CMakeTmp

Run Build Command:/usr/bin/make "cmTryCompileExec2260741461/fast"
/usr/bin/make -f CMakeFiles/cmTryCompileExec2260741461.dir/build.make CMakeFiles/cmTryCompileExec2260741461.dir/build
make[1]: Entering directory `/home/kiki/comprobo15/build/CMakeFiles/CMakeTmp'
/usr/bin/cmake -E cmake_progress_report /home/kiki/comprobo15/build/CMakeFiles/CMakeTmp/CMakeFiles 1
Building C object CMakeFiles/cmTryCompileExec2260741461.dir/CheckSymbolExists.c.o
/usr/bin/cc    -o CMakeFiles/cmTryCompileExec2260741461.dir/CheckSymbolExists.c.o   -c /home/kiki/comprobo15/build/CMakeFiles/CMakeTmp/CheckSymbolExists.c
Linking C executable cmTryCompileExec2260741461
/usr/bin/cmake -E cmake_link_script CMakeFiles/cmTryCompileExec2260741461.dir/link.txt --verbose=1
/usr/bin/cc       CMakeFiles/cmTryCompileExec2260741461.dir/CheckSymbolExists.c.o  -o cmTryCompileExec2260741461 -rdynamic 
CMakeFiles/cmTryCompileExec2260741461.dir/CheckSymbolExists.c.o: In function `main':
CheckSymbolExists.c:(.text+0x16): undefined reference to `pthread_create'
collect2: error: ld returned 1 exit status
make[1]: *** [cmTryCompileExec2260741461] Error 1
make[1]: Leaving directory `/home/kiki/comprobo15/build/CMakeFiles/CMakeTmp'
make: *** [cmTryCompileExec2260741461/fast] Error 2

File /home/kiki/comprobo15/build/CMakeFiles/CMakeTmp/CheckSymbolExists.c:
/* */
#include <pthread.h>

int main(int argc, char** argv)
{
  (void)argv;
#ifndef pthread_create
  return ((int*)(&pthread_create))[argc];
#else
  (void)argc;
  return 0;
#endif
}

Determining if the function pthread_create exists in the pthreads failed with the following output:
Change Dir: /home/kiki/comprobo15/build/CMakeFiles/CMakeTmp

Run Build Command:/usr/bin/make "cmTryCompileExec631921775/fast"
/usr/bin/make -f CMakeFiles/cmTryCompileExec631921775.dir/build.make CMakeFiles/cmTryCompileExec631921775.dir/build
make[1]: Entering directory `/home/kiki/comprobo15/build/CMakeFiles/CMakeTmp'
/usr/bin/cmake -E cmake_progress_report /home/kiki/comprobo15/build/CMakeFiles/CMakeTmp/CMakeFiles 1
Building C object CMakeFiles/cmTryCompileExec631921775.dir/CheckFunctionExists.c.o
/usr/bin/cc   -DCHECK_FUNCTION_EXISTS=pthread_create   -o CMakeFiles/cmTryCompileExec631921775.dir/CheckFunctionExists.c.o   -c /usr/share/cmake-2.8/Modules/CheckFunctionExists.c
Linking C executable cmTryCompileExec631921775
/usr/bin/cmake -E cmake_link_script CMakeFiles/cmTryCompileExec631921775.dir/link.txt --verbose=1
/usr/bin/cc   -DCHECK_FUNCTION_EXISTS=pthread_create    CMakeFiles/cmTryCompileExec631921775.dir/CheckFunctionExists.c.o  -o cmTryCompileExec631921775 -rdynamic -lpthreads 
/usr/bin/ld: cannot find -lpthreads
collect2: error: ld returned 1 exit status
make[1]: Leaving directory `/home/kiki/comprobo15/build/CMakeFiles/CMakeTmp'
make[1]: *** [cmTryCompileExec631921775] Error 1
make: *** [cmTryCompileExec631921775/fast] Error 2


